This file contains any messages produced by compilers while
running configure, to aid debugging if configure makes a mistake.

It was created by GNU make configure 4.2, which was
generated by GNU Autoconf 2.69.  Invocation command line was

  $ ./configure --host=aarch64-linux-android

## --------- ##
## Platform. ##
## --------- ##

hostname = user-Endeavor-AT990E
uname -m = x86_64
uname -r = 5.0.0-37-generic
uname -s = Linux
uname -v = #40~18.04.1-Ubuntu SMP Thu Nov 14 12:06:39 UTC 2019

/usr/bin/uname -p = unknown
/bin/uname -X     = unknown

/bin/arch              = unknown
/usr/bin/arch -k       = unknown
/usr/convex/getsysinfo = unknown
/usr/bin/hostinfo      = unknown
/bin/machine           = unknown
/usr/bin/oslevel       = unknown
/bin/universe          = unknown

PATH: .
PATH: /home/user/document/devel/Android/sdk/platform-tools
PATH: /home/user/document/devel/Android/sdk/build-tools/29.0.2
PATH: /home/user/document/devel/Android/sdk/build-tools/29.0.2
PATH: /home/user/jdk8/bin
PATH: /home/user/android-ndk
PATH: /home/user/.wine/drive_c/MinGW/bin
PATH: /home/user/
PATH: /home/user/document/devel/Android/studio/android-studio/bin
PATH: /home/user/document/soft/youtube
PATH: /home/user/ドキュメント/devel/jdk//bin
PATH: /home/user/ドキュメント/devel/jdk/
PATH: /home/user/ドキュメント/devel/Android/studio/android-studio/bin
PATH: /usr/local/sbin
PATH: /usr/local/bin
PATH: /usr/sbin
PATH: /usr/bin
PATH: /sbin
PATH: /bin
PATH: /usr/games
PATH: /usr/local/games
PATH: /snap/bin=/home/user/android-ndk
PATH: /home/user/.wine/drive_c/MinGW/bin
PATH: /home/user/
PATH: /home/user/document/devel/Android/studio/android-studio/bin
PATH: /home/user/document/soft/youtube
PATH: /home/user/ドキュメント/devel/jdk//bin
PATH: /home/user/ドキュメント/devel/jdk/
PATH: /home/user/ドキュメント/devel/Android/studio/android-studio/bin
PATH: /usr/local/sbin
PATH: /usr/local/bin
PATH: /usr/sbin
PATH: /usr/bin
PATH: /sbin
PATH: /bin
PATH: /usr/games
PATH: /usr/local/games
PATH: /snap/bin


## ----------- ##
## Core tests. ##
## ----------- ##

configure:2473: checking for a BSD-compatible install
configure:2541: result: /usr/bin/install -c
configure:2552: checking whether build environment is sane
configure:2607: result: yes
configure:2666: checking for aarch64-linux-android-strip
configure:2693: result: aarch64-linux-android-strip
configure:2758: checking for a thread-safe mkdir -p
configure:2797: result: /bin/mkdir -p
configure:2804: checking for gawk
configure:2834: result: no
configure:2804: checking for mawk
configure:2820: found /usr/bin/mawk
configure:2831: result: mawk
configure:2842: checking whether make sets $(MAKE)
configure:2864: result: yes
configure:2893: checking whether make supports nested variables
configure:2910: result: yes
configure:3050: checking for style of include used by make
configure:3078: result: GNU
configure:3109: checking for aarch64-linux-android-gcc
configure:3136: result: aarch64-linux-android-clang
configure:3405: checking for C compiler version
configure:3414: aarch64-linux-android-clang --version >&5
./configure: line 3416: aarch64-linux-android-clang: command not found
configure:3425: $? = 127
configure:3414: aarch64-linux-android-clang -v >&5
./configure: line 3416: aarch64-linux-android-clang: command not found
configure:3425: $? = 127
configure:3414: aarch64-linux-android-clang -V >&5
./configure: line 3416: aarch64-linux-android-clang: command not found
configure:3425: $? = 127
configure:3414: aarch64-linux-android-clang -qversion >&5
./configure: line 3416: aarch64-linux-android-clang: command not found
configure:3425: $? = 127
configure:3445: checking whether the C compiler works
configure:3467: aarch64-linux-android-clang -fPIE -fPIC  -pie conftest.c  >&5
./configure: line 3469: aarch64-linux-android-clang: command not found
configure:3471: $? = 127
configure:3509: result: no
configure: failed program was:
| /* confdefs.h */
| #define PACKAGE_NAME "GNU make"
| #define PACKAGE_TARNAME "make"
| #define PACKAGE_VERSION "4.2"
| #define PACKAGE_STRING "GNU make 4.2"
| #define PACKAGE_BUGREPORT "bug-make@gnu.org"
| #define PACKAGE_URL "http://www.gnu.org/software/make/"
| #define PACKAGE "make"
| #define VERSION "4.2"
| /* end confdefs.h.  */
| 
| int
| main ()
| {
| 
|   ;
|   return 0;
| }
configure:3514: error: in `/home/user/document/devel/term-clang/make-4.2':
configure:3516: error: C compiler cannot create executables
See `config.log' for more details

## ---------------- ##
## Cache variables. ##
## ---------------- ##

ac_cv_env_CC_set=set
ac_cv_env_CC_value=aarch64-linux-android-clang
ac_cv_env_CFLAGS_set=set
ac_cv_env_CFLAGS_value='-fPIE -fPIC'
ac_cv_env_CPPFLAGS_set=
ac_cv_env_CPPFLAGS_value=
ac_cv_env_CPP_set=
ac_cv_env_CPP_value=
ac_cv_env_GUILE_CFLAGS_set=
ac_cv_env_GUILE_CFLAGS_value=
ac_cv_env_GUILE_LIBS_set=
ac_cv_env_GUILE_LIBS_value=
ac_cv_env_LDFLAGS_set=set
ac_cv_env_LDFLAGS_value=-pie
ac_cv_env_LIBS_set=
ac_cv_env_LIBS_value=
ac_cv_env_PKG_CONFIG_LIBDIR_set=
ac_cv_env_PKG_CONFIG_LIBDIR_value=
ac_cv_env_PKG_CONFIG_PATH_set=
ac_cv_env_PKG_CONFIG_PATH_value=
ac_cv_env_PKG_CONFIG_set=
ac_cv_env_PKG_CONFIG_value=
ac_cv_env_build_alias_set=
ac_cv_env_build_alias_value=
ac_cv_env_host_alias_set=set
ac_cv_env_host_alias_value=aarch64-linux-android
ac_cv_env_target_alias_set=
ac_cv_env_target_alias_value=
ac_cv_path_install='/usr/bin/install -c'
ac_cv_path_mkdir=/bin/mkdir
ac_cv_prog_AWK=mawk
ac_cv_prog_CC=aarch64-linux-android-clang
ac_cv_prog_STRIP=aarch64-linux-android-strip
ac_cv_prog_make_make_set=yes
am_cv_make_support_nested_variables=yes

## ----------------- ##
## Output variables. ##
## ----------------- ##

ACLOCAL='${SHELL} /home/user/document/devel/term-clang/make-4.2/config/missing aclocal-1.15'
ALLOCA=''
AMDEPBACKSLASH='\'
AMDEP_FALSE='#'
AMDEP_TRUE=''
AMTAR='$${TAR-tar}'
AM_BACKSLASH='\'
AM_DEFAULT_V='$(AM_DEFAULT_VERBOSITY)'
AM_DEFAULT_VERBOSITY='1'
AM_LDFLAGS=''
AM_V='$(V)'
AR='aarch64-linux-android-ar'
AUTOCONF='${SHELL} /home/user/document/devel/term-clang/make-4.2/config/missing autoconf'
AUTOHEADER='${SHELL} /home/user/document/devel/term-clang/make-4.2/config/missing autoheader'
AUTOMAKE='${SHELL} /home/user/document/devel/term-clang/make-4.2/config/missing automake-1.15'
AWK='mawk'
CC='aarch64-linux-android-clang'
CCDEPMODE=''
CFLAGS='-fPIE -fPIC'
CPP=''
CPPFLAGS=''
CYGPATH_W='echo'
DEFS=''
DEPDIR='.deps'
ECHO_C=''
ECHO_N='-n'
ECHO_T=''
EGREP=''
EXEEXT=''
GETLOADAVG_LIBS=''
GETTEXT_MACRO_VERSION=''
GLOBINC=''
GLOBLIB=''
GMSGFMT=''
GMSGFMT_015=''
GREP=''
GUILE_CFLAGS=''
GUILE_LIBS=''
HAVE_GUILE_FALSE=''
HAVE_GUILE_TRUE=''
INSTALL_DATA='${INSTALL} -m 644'
INSTALL_PROGRAM='${INSTALL}'
INSTALL_SCRIPT='${INSTALL}'
INSTALL_STRIP_PROGRAM='$(install_sh) -c -s'
INTLLIBS=''
INTL_MACOSX_LIBS=''
KMEM_GROUP=''
LDFLAGS='-pie'
LIBICONV=''
LIBINTL=''
LIBOBJS=''
LIBS=''
LTLIBICONV=''
LTLIBINTL=''
LTLIBOBJS=''
MAKEINFO='${SHELL} /home/user/document/devel/term-clang/make-4.2/config/missing makeinfo'
MAKE_HOST=''
MKDIR_P='/bin/mkdir -p'
MSGFMT=''
MSGFMT_015=''
MSGMERGE=''
NEED_SETGID=''
OBJEXT=''
PACKAGE='make'
PACKAGE_BUGREPORT='bug-make@gnu.org'
PACKAGE_NAME='GNU make'
PACKAGE_STRING='GNU make 4.2'
PACKAGE_TARNAME='make'
PACKAGE_URL='http://www.gnu.org/software/make/'
PACKAGE_VERSION='4.2'
PATH_SEPARATOR=':'
PERL=''
PKG_CONFIG=''
PKG_CONFIG_LIBDIR=''
PKG_CONFIG_PATH=''
POSUB=''
RANLIB=''
REMOTE=''
SED=''
SET_MAKE=''
SHELL='/bin/bash'
STRIP='aarch64-linux-android-strip'
USE_CUSTOMS_FALSE=''
USE_CUSTOMS_TRUE=''
USE_LOCAL_GLOB_FALSE=''
USE_LOCAL_GLOB_TRUE=''
USE_NLS=''
VERSION='4.2'
WINDOWSENV_FALSE=''
WINDOWSENV_TRUE=''
XGETTEXT=''
XGETTEXT_015=''
XGETTEXT_EXTRA_OPTIONS=''
ac_ct_AR=''
ac_ct_CC=''
am__EXEEXT_FALSE=''
am__EXEEXT_TRUE=''
am__fastdepCC_FALSE=''
am__fastdepCC_TRUE=''
am__include='include'
am__isrc=''
am__leading_dot='.'
am__nodep='_no'
am__quote=''
am__tar='$${TAR-tar} chof - "$$tardir"'
am__untar='$${TAR-tar} xf -'
bindir='${exec_prefix}/bin'
build=''
build_alias=''
build_cpu=''
build_os=''
build_vendor=''
datadir='${datarootdir}'
datarootdir='${prefix}/share'
docdir='${datarootdir}/doc/${PACKAGE_TARNAME}'
dvidir='${docdir}'
exec_prefix='NONE'
host='aarch64-linux-android'
host_alias='aarch64-linux-android'
host_cpu=''
host_os=''
host_vendor=''
htmldir='${docdir}'
includedir='${prefix}/include'
infodir='${datarootdir}/info'
install_sh='${SHELL} /home/user/document/devel/term-clang/make-4.2/config/install-sh'
libdir='${exec_prefix}/lib'
libexecdir='${exec_prefix}/libexec'
localedir='${datarootdir}/locale'
localstatedir='${prefix}/var'
mandir='${datarootdir}/man'
mkdir_p='$(MKDIR_P)'
oldincludedir='/usr/include'
pdfdir='${docdir}'
prefix='NONE'
program_transform_name='s,x,x,'
psdir='${docdir}'
runstatedir='${localstatedir}/run'
sbindir='${exec_prefix}/sbin'
sharedstatedir='${prefix}/com'
sysconfdir='${prefix}/etc'
target_alias=''

## ------------------- ##
## File substitutions. ##
## ------------------- ##

MAINT_MAKEFILE=''

## ----------- ##
## confdefs.h. ##
## ----------- ##

/* confdefs.h */
#define PACKAGE_NAME "GNU make"
#define PACKAGE_TARNAME "make"
#define PACKAGE_VERSION "4.2"
#define PACKAGE_STRING "GNU make 4.2"
#define PACKAGE_BUGREPORT "bug-make@gnu.org"
#define PACKAGE_URL "http://www.gnu.org/software/make/"
#define PACKAGE "make"
#define VERSION "4.2"

configure: exit 77
